2022-10-13 18:11:46 startup archives unpack
2022-10-13 18:11:46 upgrade perl-base:amd64 5.28.1-6 5.28.1-6+deb10u1
2022-10-13 18:11:46 status half-configured perl-base:amd64 5.28.1-6
2022-10-13 18:11:46 status unpacked perl-base:amd64 5.28.1-6
2022-10-13 18:11:46 status half-installed perl-base:amd64 5.28.1-6
2022-10-13 18:11:46 status unpacked perl-base:amd64 5.28.1-6+deb10u1
2022-10-13 18:11:46 startup packages configure
2022-10-13 18:11:46 configure perl-base:amd64 5.28.1-6+deb10u1 <none>
2022-10-13 18:11:46 status unpacked perl-base:amd64 5.28.1-6+deb10u1
2022-10-13 18:11:46 status half-configured perl-base:amd64 5.28.1-6+deb10u1
2022-10-13 18:11:46 status installed perl-base:amd64 5.28.1-6+deb10u1
2022-10-13 18:11:46 startup archives unpack
2022-10-13 18:11:47 install perl-modules-5.28:all <none> 5.28.1-6+deb10u1
2022-10-13 18:11:47 status half-installed perl-modules-5.28:all 5.28.1-6+deb10u1
2022-10-13 18:11:47 status unpacked perl-modules-5.28:all 5.28.1-6+deb10u1
2022-10-13 18:11:47 upgrade libbz2-1.0:amd64 1.0.6-9.2~deb10u1 1.0.6-9.2~deb10u2
2022-10-13 18:11:47 status triggers-pending libc-bin:amd64 2.28-10
2022-10-13 18:11:47 status half-configured libbz2-1.0:amd64 1.0.6-9.2~deb10u1
2022-10-13 18:11:47 status unpacked libbz2-1.0:amd64 1.0.6-9.2~deb10u1
2022-10-13 18:11:47 status half-installed libbz2-1.0:amd64 1.0.6-9.2~deb10u1
2022-10-13 18:11:47 status unpacked libbz2-1.0:amd64 1.0.6-9.2~deb10u2
2022-10-13 18:11:47 startup packages configure
2022-10-13 18:11:47 configure libbz2-1.0:amd64 1.0.6-9.2~deb10u2 <none>
2022-10-13 18:11:47 status unpacked libbz2-1.0:amd64 1.0.6-9.2~deb10u2
2022-10-13 18:11:47 status half-configured libbz2-1.0:amd64 1.0.6-9.2~deb10u2
2022-10-13 18:11:47 status installed libbz2-1.0:amd64 1.0.6-9.2~deb10u2
2022-10-13 18:11:47 startup archives unpack
2022-10-13 18:11:47 install libperl5.28:amd64 <none> 5.28.1-6+deb10u1
2022-10-13 18:11:47 status half-installed libperl5.28:amd64 5.28.1-6+deb10u1
2022-10-13 18:11:47 status unpacked libperl5.28:amd64 5.28.1-6+deb10u1
2022-10-13 18:11:47 install perl:amd64 <none> 5.28.1-6+deb10u1
2022-10-13 18:11:47 status half-installed perl:amd64 5.28.1-6+deb10u1
2022-10-13 18:11:47 status unpacked perl:amd64 5.28.1-6+deb10u1
2022-10-13 18:11:47 install liblocale-gettext-perl:amd64 <none> 1.07-3+b4
2022-10-13 18:11:47 status half-installed liblocale-gettext-perl:amd64 1.07-3+b4
2022-10-13 18:11:47 status unpacked liblocale-gettext-perl:amd64 1.07-3+b4
2022-10-13 18:11:47 upgrade gpgv:amd64 2.2.12-1+deb10u1 2.2.12-1+deb10u2
2022-10-13 18:11:47 status half-configured gpgv:amd64 2.2.12-1+deb10u1
2022-10-13 18:11:47 status unpacked gpgv:amd64 2.2.12-1+deb10u1
2022-10-13 18:11:47 status half-installed gpgv:amd64 2.2.12-1+deb10u1
2022-10-13 18:11:47 status unpacked gpgv:amd64 2.2.12-1+deb10u2
2022-10-13 18:11:47 startup packages configure
2022-10-13 18:11:47 configure gpgv:amd64 2.2.12-1+deb10u2 <none>
2022-10-13 18:11:47 status unpacked gpgv:amd64 2.2.12-1+deb10u2
2022-10-13 18:11:47 status half-configured gpgv:amd64 2.2.12-1+deb10u2
2022-10-13 18:11:47 status installed gpgv:amd64 2.2.12-1+deb10u2
2022-10-13 18:11:47 startup archives unpack
2022-10-13 18:11:47 install netbase:all <none> 5.6
2022-10-13 18:11:47 status half-installed netbase:all 5.6
2022-10-13 18:11:47 status unpacked netbase:all 5.6
2022-10-13 18:11:47 install bzip2:amd64 <none> 1.0.6-9.2~deb10u2
2022-10-13 18:11:47 status half-installed bzip2:amd64 1.0.6-9.2~deb10u2
2022-10-13 18:11:47 status unpacked bzip2:amd64 1.0.6-9.2~deb10u2
2022-10-13 18:11:47 install libsqlite3-0:amd64 <none> 3.27.2-3+deb10u2
2022-10-13 18:11:47 status half-installed libsqlite3-0:amd64 3.27.2-3+deb10u2
2022-10-13 18:11:47 status unpacked libsqlite3-0:amd64 3.27.2-3+deb10u2
2022-10-13 18:11:47 install xz-utils:amd64 <none> 5.2.4-1+deb10u1
2022-10-13 18:11:47 status half-installed xz-utils:amd64 5.2.4-1+deb10u1
2022-10-13 18:11:47 status unpacked xz-utils:amd64 5.2.4-1+deb10u1
2022-10-13 18:11:47 install binutils-common:amd64 <none> 2.31.1-16
2022-10-13 18:11:47 status half-installed binutils-common:amd64 2.31.1-16
2022-10-13 18:11:48 status unpacked binutils-common:amd64 2.31.1-16
2022-10-13 18:11:48 install libbinutils:amd64 <none> 2.31.1-16
2022-10-13 18:11:48 status half-installed libbinutils:amd64 2.31.1-16
2022-10-13 18:11:48 status unpacked libbinutils:amd64 2.31.1-16
2022-10-13 18:11:48 install binutils-x86-64-linux-gnu:amd64 <none> 2.31.1-16
2022-10-13 18:11:48 status half-installed binutils-x86-64-linux-gnu:amd64 2.31.1-16
2022-10-13 18:11:48 status unpacked binutils-x86-64-linux-gnu:amd64 2.31.1-16
2022-10-13 18:11:48 install binutils:amd64 <none> 2.31.1-16
2022-10-13 18:11:48 status half-installed binutils:amd64 2.31.1-16
2022-10-13 18:11:48 status unpacked binutils:amd64 2.31.1-16
2022-10-13 18:11:48 install libisl19:amd64 <none> 0.20-2
2022-10-13 18:11:48 status half-installed libisl19:amd64 0.20-2
2022-10-13 18:11:48 status unpacked libisl19:amd64 0.20-2
2022-10-13 18:11:48 install libmpfr6:amd64 <none> 4.0.2-1
2022-10-13 18:11:48 status half-installed libmpfr6:amd64 4.0.2-1
2022-10-13 18:11:48 status unpacked libmpfr6:amd64 4.0.2-1
2022-10-13 18:11:48 install libmpc3:amd64 <none> 1.1.0-1
2022-10-13 18:11:48 status half-installed libmpc3:amd64 1.1.0-1
2022-10-13 18:11:48 status unpacked libmpc3:amd64 1.1.0-1
2022-10-13 18:11:48 install cpp-8:amd64 <none> 8.3.0-6
2022-10-13 18:11:48 status half-installed cpp-8:amd64 8.3.0-6
2022-10-13 18:11:48 status unpacked cpp-8:amd64 8.3.0-6
2022-10-13 18:11:48 install cpp:amd64 <none> 4:8.3.0-1
2022-10-13 18:11:48 status half-installed cpp:amd64 4:8.3.0-1
2022-10-13 18:11:49 status unpacked cpp:amd64 4:8.3.0-1
2022-10-13 18:11:49 install libcc1-0:amd64 <none> 8.3.0-6
2022-10-13 18:11:49 status half-installed libcc1-0:amd64 8.3.0-6
2022-10-13 18:11:49 status unpacked libcc1-0:amd64 8.3.0-6
2022-10-13 18:11:49 install libgomp1:amd64 <none> 8.3.0-6
2022-10-13 18:11:49 status half-installed libgomp1:amd64 8.3.0-6
2022-10-13 18:11:49 status unpacked libgomp1:amd64 8.3.0-6
2022-10-13 18:11:49 install libitm1:amd64 <none> 8.3.0-6
2022-10-13 18:11:49 status half-installed libitm1:amd64 8.3.0-6
2022-10-13 18:11:49 status unpacked libitm1:amd64 8.3.0-6
2022-10-13 18:11:49 install libatomic1:amd64 <none> 8.3.0-6
2022-10-13 18:11:49 status half-installed libatomic1:amd64 8.3.0-6
2022-10-13 18:11:49 status unpacked libatomic1:amd64 8.3.0-6
2022-10-13 18:11:49 install libasan5:amd64 <none> 8.3.0-6
2022-10-13 18:11:49 status half-installed libasan5:amd64 8.3.0-6
2022-10-13 18:11:49 status unpacked libasan5:amd64 8.3.0-6
2022-10-13 18:11:49 install liblsan0:amd64 <none> 8.3.0-6
2022-10-13 18:11:49 status half-installed liblsan0:amd64 8.3.0-6
2022-10-13 18:11:49 status unpacked liblsan0:amd64 8.3.0-6
2022-10-13 18:11:49 install libtsan0:amd64 <none> 8.3.0-6
2022-10-13 18:11:49 status half-installed libtsan0:amd64 8.3.0-6
2022-10-13 18:11:49 status unpacked libtsan0:amd64 8.3.0-6
2022-10-13 18:11:49 install libubsan1:amd64 <none> 8.3.0-6
2022-10-13 18:11:49 status half-installed libubsan1:amd64 8.3.0-6
2022-10-13 18:11:49 status unpacked libubsan1:amd64 8.3.0-6
2022-10-13 18:11:49 install libmpx2:amd64 <none> 8.3.0-6
2022-10-13 18:11:49 status half-installed libmpx2:amd64 8.3.0-6
2022-10-13 18:11:49 status unpacked libmpx2:amd64 8.3.0-6
2022-10-13 18:11:49 install libquadmath0:amd64 <none> 8.3.0-6
2022-10-13 18:11:49 status half-installed libquadmath0:amd64 8.3.0-6
2022-10-13 18:11:49 status unpacked libquadmath0:amd64 8.3.0-6
2022-10-13 18:11:49 install libgcc-8-dev:amd64 <none> 8.3.0-6
2022-10-13 18:11:49 status half-installed libgcc-8-dev:amd64 8.3.0-6
2022-10-13 18:11:49 status unpacked libgcc-8-dev:amd64 8.3.0-6
2022-10-13 18:11:49 install gcc-8:amd64 <none> 8.3.0-6
2022-10-13 18:11:49 status half-installed gcc-8:amd64 8.3.0-6
2022-10-13 18:11:50 status unpacked gcc-8:amd64 8.3.0-6
2022-10-13 18:11:50 install gcc:amd64 <none> 4:8.3.0-1
2022-10-13 18:11:50 status half-installed gcc:amd64 4:8.3.0-1
2022-10-13 18:11:50 status unpacked gcc:amd64 4:8.3.0-1
2022-10-13 18:11:50 install libstdc++-8-dev:amd64 <none> 8.3.0-6
2022-10-13 18:11:50 status half-installed libstdc++-8-dev:amd64 8.3.0-6
2022-10-13 18:11:50 status unpacked libstdc++-8-dev:amd64 8.3.0-6
2022-10-13 18:11:50 install g++-8:amd64 <none> 8.3.0-6
2022-10-13 18:11:50 status half-installed g++-8:amd64 8.3.0-6
2022-10-13 18:11:50 status unpacked g++-8:amd64 8.3.0-6
2022-10-13 18:11:50 install g++:amd64 <none> 4:8.3.0-1
2022-10-13 18:11:50 status half-installed g++:amd64 4:8.3.0-1
2022-10-13 18:11:50 status unpacked g++:amd64 4:8.3.0-1
2022-10-13 18:11:50 install make:amd64 <none> 4.2.1-1.2
2022-10-13 18:11:50 status half-installed make:amd64 4.2.1-1.2
2022-10-13 18:11:50 status unpacked make:amd64 4.2.1-1.2
2022-10-13 18:11:50 install libdpkg-perl:all <none> 1.19.8
2022-10-13 18:11:50 status half-installed libdpkg-perl:all 1.19.8
2022-10-13 18:11:51 status unpacked libdpkg-perl:all 1.19.8
2022-10-13 18:11:51 install patch:amd64 <none> 2.7.6-3+deb10u1
2022-10-13 18:11:51 status half-installed patch:amd64 2.7.6-3+deb10u1
2022-10-13 18:11:51 status unpacked patch:amd64 2.7.6-3+deb10u1
2022-10-13 18:11:51 install dpkg-dev:all <none> 1.19.8
2022-10-13 18:11:51 status half-installed dpkg-dev:all 1.19.8
2022-10-13 18:11:51 status unpacked dpkg-dev:all 1.19.8
2022-10-13 18:11:51 install build-essential:amd64 <none> 12.6
2022-10-13 18:11:51 status half-installed build-essential:amd64 12.6
2022-10-13 18:11:51 status unpacked build-essential:amd64 12.6
2022-10-13 18:11:51 install libassuan0:amd64 <none> 2.5.2-1
2022-10-13 18:11:51 status half-installed libassuan0:amd64 2.5.2-1
2022-10-13 18:11:51 status unpacked libassuan0:amd64 2.5.2-1
2022-10-13 18:11:51 install gpgconf:amd64 <none> 2.2.12-1+deb10u2
2022-10-13 18:11:51 status half-installed gpgconf:amd64 2.2.12-1+deb10u2
2022-10-13 18:11:51 status unpacked gpgconf:amd64 2.2.12-1+deb10u2
2022-10-13 18:11:51 install libksba8:amd64 <none> 1.3.5-2
2022-10-13 18:11:51 status half-installed libksba8:amd64 1.3.5-2
2022-10-13 18:11:51 status unpacked libksba8:amd64 1.3.5-2
2022-10-13 18:11:51 install libsasl2-modules-db:amd64 <none> 2.1.27+dfsg-1+deb10u2
2022-10-13 18:11:51 status half-installed libsasl2-modules-db:amd64 2.1.27+dfsg-1+deb10u2
2022-10-13 18:11:51 status unpacked libsasl2-modules-db:amd64 2.1.27+dfsg-1+deb10u2
2022-10-13 18:11:51 install libsasl2-2:amd64 <none> 2.1.27+dfsg-1+deb10u2
2022-10-13 18:11:51 status half-installed libsasl2-2:amd64 2.1.27+dfsg-1+deb10u2
2022-10-13 18:11:51 status unpacked libsasl2-2:amd64 2.1.27+dfsg-1+deb10u2
2022-10-13 18:11:51 install libldap-common:all <none> 2.4.47+dfsg-3+deb10u7
2022-10-13 18:11:51 status half-installed libldap-common:all 2.4.47+dfsg-3+deb10u7
2022-10-13 18:11:51 status unpacked libldap-common:all 2.4.47+dfsg-3+deb10u7
2022-10-13 18:11:51 install libldap-2.4-2:amd64 <none> 2.4.47+dfsg-3+deb10u7
2022-10-13 18:11:51 status half-installed libldap-2.4-2:amd64 2.4.47+dfsg-3+deb10u7
2022-10-13 18:11:51 status unpacked libldap-2.4-2:amd64 2.4.47+dfsg-3+deb10u7
2022-10-13 18:11:51 install libnpth0:amd64 <none> 1.6-1
2022-10-13 18:11:51 status half-installed libnpth0:amd64 1.6-1
2022-10-13 18:11:51 status unpacked libnpth0:amd64 1.6-1
2022-10-13 18:11:51 install dirmngr:amd64 <none> 2.2.12-1+deb10u2
2022-10-13 18:11:51 status half-installed dirmngr:amd64 2.2.12-1+deb10u2
2022-10-13 18:11:51 status unpacked dirmngr:amd64 2.2.12-1+deb10u2
2022-10-13 18:11:51 install libfakeroot:amd64 <none> 1.23-1
2022-10-13 18:11:51 status half-installed libfakeroot:amd64 1.23-1
2022-10-13 18:11:51 status unpacked libfakeroot:amd64 1.23-1
2022-10-13 18:11:51 install fakeroot:amd64 <none> 1.23-1
2022-10-13 18:11:51 status half-installed fakeroot:amd64 1.23-1
2022-10-13 18:11:51 status unpacked fakeroot:amd64 1.23-1
2022-10-13 18:11:51 install libgeoip1:amd64 <none> 1.6.12-1
2022-10-13 18:11:51 status half-installed libgeoip1:amd64 1.6.12-1
2022-10-13 18:11:51 status unpacked libgeoip1:amd64 1.6.12-1
2022-10-13 18:11:51 install geoip-bin:amd64 <none> 1.6.12-1
2022-10-13 18:11:51 status half-installed geoip-bin:amd64 1.6.12-1
2022-10-13 18:11:51 status unpacked geoip-bin:amd64 1.6.12-1
2022-10-13 18:11:51 install geoip-database:all <none> 20181108-1
2022-10-13 18:11:51 status half-installed geoip-database:all 20181108-1
2022-10-13 18:11:51 status unpacked geoip-database:all 20181108-1
2022-10-13 18:11:51 install gnupg-l10n:all <none> 2.2.12-1+deb10u2
2022-10-13 18:11:51 status half-installed gnupg-l10n:all 2.2.12-1+deb10u2
2022-10-13 18:11:51 status unpacked gnupg-l10n:all 2.2.12-1+deb10u2
2022-10-13 18:11:51 install gnupg-utils:amd64 <none> 2.2.12-1+deb10u2
2022-10-13 18:11:51 status half-installed gnupg-utils:amd64 2.2.12-1+deb10u2
2022-10-13 18:11:52 status unpacked gnupg-utils:amd64 2.2.12-1+deb10u2
2022-10-13 18:11:52 install gpg:amd64 <none> 2.2.12-1+deb10u2
2022-10-13 18:11:52 status half-installed gpg:amd64 2.2.12-1+deb10u2
2022-10-13 18:11:52 status unpacked gpg:amd64 2.2.12-1+deb10u2
2022-10-13 18:11:52 install pinentry-curses:amd64 <none> 1.1.0-2
2022-10-13 18:11:52 status half-installed pinentry-curses:amd64 1.1.0-2
2022-10-13 18:11:52 status unpacked pinentry-curses:amd64 1.1.0-2
2022-10-13 18:11:52 install gpg-agent:amd64 <none> 2.2.12-1+deb10u2
2022-10-13 18:11:52 status half-installed gpg-agent:amd64 2.2.12-1+deb10u2
2022-10-13 18:11:52 status unpacked gpg-agent:amd64 2.2.12-1+deb10u2
2022-10-13 18:11:52 install gpg-wks-client:amd64 <none> 2.2.12-1+deb10u2
2022-10-13 18:11:52 status half-installed gpg-wks-client:amd64 2.2.12-1+deb10u2
2022-10-13 18:11:52 status unpacked gpg-wks-client:amd64 2.2.12-1+deb10u2
2022-10-13 18:11:52 install gpg-wks-server:amd64 <none> 2.2.12-1+deb10u2
2022-10-13 18:11:52 status half-installed gpg-wks-server:amd64 2.2.12-1+deb10u2
2022-10-13 18:11:52 status unpacked gpg-wks-server:amd64 2.2.12-1+deb10u2
2022-10-13 18:11:52 install gpgsm:amd64 <none> 2.2.12-1+deb10u2
2022-10-13 18:11:52 status half-installed gpgsm:amd64 2.2.12-1+deb10u2
2022-10-13 18:11:52 status unpacked gpgsm:amd64 2.2.12-1+deb10u2
2022-10-13 18:11:52 install gnupg:all <none> 2.2.12-1+deb10u2
2022-10-13 18:11:52 status half-installed gnupg:all 2.2.12-1+deb10u2
2022-10-13 18:11:52 status unpacked gnupg:all 2.2.12-1+deb10u2
2022-10-13 18:11:52 install libalgorithm-diff-perl:all <none> 1.19.03-2
2022-10-13 18:11:52 status half-installed libalgorithm-diff-perl:all 1.19.03-2
2022-10-13 18:11:52 status unpacked libalgorithm-diff-perl:all 1.19.03-2
2022-10-13 18:11:52 install libalgorithm-diff-xs-perl:amd64 <none> 0.04-5+b1
2022-10-13 18:11:52 status half-installed libalgorithm-diff-xs-perl:amd64 0.04-5+b1
2022-10-13 18:11:52 status unpacked libalgorithm-diff-xs-perl:amd64 0.04-5+b1
2022-10-13 18:11:52 install libalgorithm-merge-perl:all <none> 0.08-3
2022-10-13 18:11:52 status half-installed libalgorithm-merge-perl:all 0.08-3
2022-10-13 18:11:52 status unpacked libalgorithm-merge-perl:all 0.08-3
2022-10-13 18:11:52 install libfile-fcntllock-perl:amd64 <none> 0.22-3+b5
2022-10-13 18:11:52 status half-installed libfile-fcntllock-perl:amd64 0.22-3+b5
2022-10-13 18:11:52 status unpacked libfile-fcntllock-perl:amd64 0.22-3+b5
2022-10-13 18:11:52 install libgeoip-dev:amd64 <none> 1.6.12-1
2022-10-13 18:11:52 status half-installed libgeoip-dev:amd64 1.6.12-1
2022-10-13 18:11:52 status unpacked libgeoip-dev:amd64 1.6.12-1
2022-10-13 18:11:52 install libmaxminddb0:amd64 <none> 1.3.2-1+deb10u1
2022-10-13 18:11:52 status half-installed libmaxminddb0:amd64 1.3.2-1+deb10u1
2022-10-13 18:11:52 status unpacked libmaxminddb0:amd64 1.3.2-1+deb10u1
2022-10-13 18:11:52 install libmaxminddb-dev:amd64 <none> 1.3.2-1+deb10u1
2022-10-13 18:11:52 status half-installed libmaxminddb-dev:amd64 1.3.2-1+deb10u1
2022-10-13 18:11:52 status unpacked libmaxminddb-dev:amd64 1.3.2-1+deb10u1
2022-10-13 18:11:52 install libsasl2-modules:amd64 <none> 2.1.27+dfsg-1+deb10u2
2022-10-13 18:11:52 status half-installed libsasl2-modules:amd64 2.1.27+dfsg-1+deb10u2
2022-10-13 18:11:52 status unpacked libsasl2-modules:amd64 2.1.27+dfsg-1+deb10u2
2022-10-13 18:11:52 startup packages configure
2022-10-13 18:11:52 configure perl-modules-5.28:all 5.28.1-6+deb10u1 <none>
2022-10-13 18:11:52 status unpacked perl-modules-5.28:all 5.28.1-6+deb10u1
2022-10-13 18:11:52 status half-configured perl-modules-5.28:all 5.28.1-6+deb10u1
2022-10-13 18:11:52 status installed perl-modules-5.28:all 5.28.1-6+deb10u1
2022-10-13 18:11:52 configure libksba8:amd64 1.3.5-2 <none>
2022-10-13 18:11:52 status unpacked libksba8:amd64 1.3.5-2
2022-10-13 18:11:52 status half-configured libksba8:amd64 1.3.5-2
2022-10-13 18:11:52 status installed libksba8:amd64 1.3.5-2
2022-10-13 18:11:52 configure libmaxminddb0:amd64 1.3.2-1+deb10u1 <none>
2022-10-13 18:11:52 status unpacked libmaxminddb0:amd64 1.3.2-1+deb10u1
2022-10-13 18:11:52 status half-configured libmaxminddb0:amd64 1.3.2-1+deb10u1
2022-10-13 18:11:52 status installed libmaxminddb0:amd64 1.3.2-1+deb10u1
2022-10-13 18:11:52 configure libmaxminddb-dev:amd64 1.3.2-1+deb10u1 <none>
2022-10-13 18:11:52 status unpacked libmaxminddb-dev:amd64 1.3.2-1+deb10u1
2022-10-13 18:11:52 status half-configured libmaxminddb-dev:amd64 1.3.2-1+deb10u1
2022-10-13 18:11:52 status installed libmaxminddb-dev:amd64 1.3.2-1+deb10u1
2022-10-13 18:11:52 configure libsqlite3-0:amd64 3.27.2-3+deb10u2 <none>
2022-10-13 18:11:52 status unpacked libsqlite3-0:amd64 3.27.2-3+deb10u2
2022-10-13 18:11:52 status half-configured libsqlite3-0:amd64 3.27.2-3+deb10u2
2022-10-13 18:11:52 status installed libsqlite3-0:amd64 3.27.2-3+deb10u2
2022-10-13 18:11:52 configure libsasl2-modules:amd64 2.1.27+dfsg-1+deb10u2 <none>
2022-10-13 18:11:52 status unpacked libsasl2-modules:amd64 2.1.27+dfsg-1+deb10u2
2022-10-13 18:11:52 status half-configured libsasl2-modules:amd64 2.1.27+dfsg-1+deb10u2
2022-10-13 18:11:52 status installed libsasl2-modules:amd64 2.1.27+dfsg-1+deb10u2
2022-10-13 18:11:52 configure binutils-common:amd64 2.31.1-16 <none>
2022-10-13 18:11:52 status unpacked binutils-common:amd64 2.31.1-16
2022-10-13 18:11:52 status half-configured binutils-common:amd64 2.31.1-16
2022-10-13 18:11:52 status installed binutils-common:amd64 2.31.1-16
2022-10-13 18:11:52 configure libnpth0:amd64 1.6-1 <none>
2022-10-13 18:11:52 status unpacked libnpth0:amd64 1.6-1
2022-10-13 18:11:52 status half-configured libnpth0:amd64 1.6-1
2022-10-13 18:11:52 status installed libnpth0:amd64 1.6-1
2022-10-13 18:11:52 configure libassuan0:amd64 2.5.2-1 <none>
2022-10-13 18:11:52 status unpacked libassuan0:amd64 2.5.2-1
2022-10-13 18:11:52 status half-configured libassuan0:amd64 2.5.2-1
2022-10-13 18:11:52 status installed libassuan0:amd64 2.5.2-1
2022-10-13 18:11:52 configure libgomp1:amd64 8.3.0-6 <none>
2022-10-13 18:11:52 status unpacked libgomp1:amd64 8.3.0-6
2022-10-13 18:11:52 status half-configured libgomp1:amd64 8.3.0-6
2022-10-13 18:11:52 status installed libgomp1:amd64 8.3.0-6
2022-10-13 18:11:52 configure bzip2:amd64 1.0.6-9.2~deb10u2 <none>
2022-10-13 18:11:52 status unpacked bzip2:amd64 1.0.6-9.2~deb10u2
2022-10-13 18:11:52 status half-configured bzip2:amd64 1.0.6-9.2~deb10u2
2022-10-13 18:11:52 status installed bzip2:amd64 1.0.6-9.2~deb10u2
2022-10-13 18:11:52 configure libldap-common:all 2.4.47+dfsg-3+deb10u7 <none>
2022-10-13 18:11:52 status unpacked libldap-common:all 2.4.47+dfsg-3+deb10u7
2022-10-13 18:11:52 status half-configured libldap-common:all 2.4.47+dfsg-3+deb10u7
2022-10-13 18:11:52 status installed libldap-common:all 2.4.47+dfsg-3+deb10u7
2022-10-13 18:11:52 configure libfakeroot:amd64 1.23-1 <none>
2022-10-13 18:11:52 status unpacked libfakeroot:amd64 1.23-1
2022-10-13 18:11:52 status half-configured libfakeroot:amd64 1.23-1
2022-10-13 18:11:52 status installed libfakeroot:amd64 1.23-1
2022-10-13 18:11:52 configure libsasl2-modules-db:amd64 2.1.27+dfsg-1+deb10u2 <none>
2022-10-13 18:11:52 status unpacked libsasl2-modules-db:amd64 2.1.27+dfsg-1+deb10u2
2022-10-13 18:11:52 status half-configured libsasl2-modules-db:amd64 2.1.27+dfsg-1+deb10u2
2022-10-13 18:11:52 status installed libsasl2-modules-db:amd64 2.1.27+dfsg-1+deb10u2
2022-10-13 18:11:52 configure fakeroot:amd64 1.23-1 <none>
2022-10-13 18:11:52 status unpacked fakeroot:amd64 1.23-1
2022-10-13 18:11:52 status half-configured fakeroot:amd64 1.23-1
2022-10-13 18:11:52 status installed fakeroot:amd64 1.23-1
2022-10-13 18:11:52 configure libasan5:amd64 8.3.0-6 <none>
2022-10-13 18:11:52 status unpacked libasan5:amd64 8.3.0-6
2022-10-13 18:11:52 status half-configured libasan5:amd64 8.3.0-6
2022-10-13 18:11:52 status installed libasan5:amd64 8.3.0-6
2022-10-13 18:11:52 configure make:amd64 4.2.1-1.2 <none>
2022-10-13 18:11:52 status unpacked make:amd64 4.2.1-1.2
2022-10-13 18:11:52 status half-configured make:amd64 4.2.1-1.2
2022-10-13 18:11:52 status installed make:amd64 4.2.1-1.2
2022-10-13 18:11:52 configure libmpfr6:amd64 4.0.2-1 <none>
2022-10-13 18:11:52 status unpacked libmpfr6:amd64 4.0.2-1
2022-10-13 18:11:52 status half-configured libmpfr6:amd64 4.0.2-1
2022-10-13 18:11:52 status installed libmpfr6:amd64 4.0.2-1
2022-10-13 18:11:52 configure gnupg-l10n:all 2.2.12-1+deb10u2 <none>
2022-10-13 18:11:52 status unpacked gnupg-l10n:all 2.2.12-1+deb10u2
2022-10-13 18:11:52 status half-configured gnupg-l10n:all 2.2.12-1+deb10u2
2022-10-13 18:11:52 status installed gnupg-l10n:all 2.2.12-1+deb10u2
2022-10-13 18:11:52 configure xz-utils:amd64 5.2.4-1+deb10u1 <none>
2022-10-13 18:11:52 status unpacked xz-utils:amd64 5.2.4-1+deb10u1
2022-10-13 18:11:52 status half-configured xz-utils:amd64 5.2.4-1+deb10u1
2022-10-13 18:11:52 status installed xz-utils:amd64 5.2.4-1+deb10u1
2022-10-13 18:11:52 configure libquadmath0:amd64 8.3.0-6 <none>
2022-10-13 18:11:52 status unpacked libquadmath0:amd64 8.3.0-6
2022-10-13 18:11:52 status half-configured libquadmath0:amd64 8.3.0-6
2022-10-13 18:11:52 status installed libquadmath0:amd64 8.3.0-6
2022-10-13 18:11:52 configure libmpc3:amd64 1.1.0-1 <none>
2022-10-13 18:11:52 status unpacked libmpc3:amd64 1.1.0-1
2022-10-13 18:11:52 status half-configured libmpc3:amd64 1.1.0-1
2022-10-13 18:11:52 status installed libmpc3:amd64 1.1.0-1
2022-10-13 18:11:52 configure libatomic1:amd64 8.3.0-6 <none>
2022-10-13 18:11:52 status unpacked libatomic1:amd64 8.3.0-6
2022-10-13 18:11:52 status half-configured libatomic1:amd64 8.3.0-6
2022-10-13 18:11:52 status installed libatomic1:amd64 8.3.0-6
2022-10-13 18:11:52 configure patch:amd64 2.7.6-3+deb10u1 <none>
2022-10-13 18:11:52 status unpacked patch:amd64 2.7.6-3+deb10u1
2022-10-13 18:11:52 status half-configured patch:amd64 2.7.6-3+deb10u1
2022-10-13 18:11:52 status installed patch:amd64 2.7.6-3+deb10u1
2022-10-13 18:11:52 configure libsasl2-2:amd64 2.1.27+dfsg-1+deb10u2 <none>
2022-10-13 18:11:52 status unpacked libsasl2-2:amd64 2.1.27+dfsg-1+deb10u2
2022-10-13 18:11:52 status half-configured libsasl2-2:amd64 2.1.27+dfsg-1+deb10u2
2022-10-13 18:11:52 status installed libsasl2-2:amd64 2.1.27+dfsg-1+deb10u2
2022-10-13 18:11:52 configure libperl5.28:amd64 5.28.1-6+deb10u1 <none>
2022-10-13 18:11:52 status unpacked libperl5.28:amd64 5.28.1-6+deb10u1
2022-10-13 18:11:52 status half-configured libperl5.28:amd64 5.28.1-6+deb10u1
2022-10-13 18:11:52 status installed libperl5.28:amd64 5.28.1-6+deb10u1
2022-10-13 18:11:52 configure libmpx2:amd64 8.3.0-6 <none>
2022-10-13 18:11:52 status unpacked libmpx2:amd64 8.3.0-6
2022-10-13 18:11:52 status half-configured libmpx2:amd64 8.3.0-6
2022-10-13 18:11:52 status installed libmpx2:amd64 8.3.0-6
2022-10-13 18:11:52 configure libubsan1:amd64 8.3.0-6 <none>
2022-10-13 18:11:52 status unpacked libubsan1:amd64 8.3.0-6
2022-10-13 18:11:52 status half-configured libubsan1:amd64 8.3.0-6
2022-10-13 18:11:52 status installed libubsan1:amd64 8.3.0-6
2022-10-13 18:11:52 configure libisl19:amd64 0.20-2 <none>
2022-10-13 18:11:52 status unpacked libisl19:amd64 0.20-2
2022-10-13 18:11:52 status half-configured libisl19:amd64 0.20-2
2022-10-13 18:11:52 status installed libisl19:amd64 0.20-2
2022-10-13 18:11:52 configure gpgconf:amd64 2.2.12-1+deb10u2 <none>
2022-10-13 18:11:52 status unpacked gpgconf:amd64 2.2.12-1+deb10u2
2022-10-13 18:11:52 status half-configured gpgconf:amd64 2.2.12-1+deb10u2
2022-10-13 18:11:52 status installed gpgconf:amd64 2.2.12-1+deb10u2
2022-10-13 18:11:52 configure libgeoip1:amd64 1.6.12-1 <none>
2022-10-13 18:11:52 status unpacked libgeoip1:amd64 1.6.12-1
2022-10-13 18:11:52 status half-configured libgeoip1:amd64 1.6.12-1
2022-10-13 18:11:52 status installed libgeoip1:amd64 1.6.12-1
2022-10-13 18:11:52 configure netbase:all 5.6 <none>
2022-10-13 18:11:52 status unpacked netbase:all 5.6
2022-10-13 18:11:52 status half-configured netbase:all 5.6
2022-10-13 18:11:52 status installed netbase:all 5.6
2022-10-13 18:11:52 configure libbinutils:amd64 2.31.1-16 <none>
2022-10-13 18:11:52 status unpacked libbinutils:amd64 2.31.1-16
2022-10-13 18:11:52 status half-configured libbinutils:amd64 2.31.1-16
2022-10-13 18:11:52 status installed libbinutils:amd64 2.31.1-16
2022-10-13 18:11:52 configure cpp-8:amd64 8.3.0-6 <none>
2022-10-13 18:11:52 status unpacked cpp-8:amd64 8.3.0-6
2022-10-13 18:11:52 status half-configured cpp-8:amd64 8.3.0-6
2022-10-13 18:11:52 status installed cpp-8:amd64 8.3.0-6
2022-10-13 18:11:52 configure geoip-database:all 20181108-1 <none>
2022-10-13 18:11:52 status unpacked geoip-database:all 20181108-1
2022-10-13 18:11:52 status half-configured geoip-database:all 20181108-1
2022-10-13 18:11:52 status installed geoip-database:all 20181108-1
2022-10-13 18:11:52 configure libcc1-0:amd64 8.3.0-6 <none>
2022-10-13 18:11:52 status unpacked libcc1-0:amd64 8.3.0-6
2022-10-13 18:11:52 status half-configured libcc1-0:amd64 8.3.0-6
2022-10-13 18:11:52 status installed libcc1-0:amd64 8.3.0-6
2022-10-13 18:11:52 configure liblocale-gettext-perl:amd64 1.07-3+b4 <none>
2022-10-13 18:11:52 status unpacked liblocale-gettext-perl:amd64 1.07-3+b4
2022-10-13 18:11:52 status half-configured liblocale-gettext-perl:amd64 1.07-3+b4
2022-10-13 18:11:52 status installed liblocale-gettext-perl:amd64 1.07-3+b4
2022-10-13 18:11:52 configure gpg:amd64 2.2.12-1+deb10u2 <none>
2022-10-13 18:11:52 status unpacked gpg:amd64 2.2.12-1+deb10u2
2022-10-13 18:11:52 status half-configured gpg:amd64 2.2.12-1+deb10u2
2022-10-13 18:11:52 status installed gpg:amd64 2.2.12-1+deb10u2
2022-10-13 18:11:52 configure liblsan0:amd64 8.3.0-6 <none>
2022-10-13 18:11:52 status unpacked liblsan0:amd64 8.3.0-6
2022-10-13 18:11:52 status half-configured liblsan0:amd64 8.3.0-6
2022-10-13 18:11:52 status installed liblsan0:amd64 8.3.0-6
2022-10-13 18:11:52 configure libitm1:amd64 8.3.0-6 <none>
2022-10-13 18:11:52 status unpacked libitm1:amd64 8.3.0-6
2022-10-13 18:11:52 status half-configured libitm1:amd64 8.3.0-6
2022-10-13 18:11:52 status installed libitm1:amd64 8.3.0-6
2022-10-13 18:11:52 configure gnupg-utils:amd64 2.2.12-1+deb10u2 <none>
2022-10-13 18:11:52 status unpacked gnupg-utils:amd64 2.2.12-1+deb10u2
2022-10-13 18:11:52 status half-configured gnupg-utils:amd64 2.2.12-1+deb10u2
2022-10-13 18:11:52 status installed gnupg-utils:amd64 2.2.12-1+deb10u2
2022-10-13 18:11:52 configure binutils-x86-64-linux-gnu:amd64 2.31.1-16 <none>
2022-10-13 18:11:52 status unpacked binutils-x86-64-linux-gnu:amd64 2.31.1-16
2022-10-13 18:11:52 status half-configured binutils-x86-64-linux-gnu:amd64 2.31.1-16
2022-10-13 18:11:52 status installed binutils-x86-64-linux-gnu:amd64 2.31.1-16
2022-10-13 18:11:52 configure libtsan0:amd64 8.3.0-6 <none>
2022-10-13 18:11:52 status unpacked libtsan0:amd64 8.3.0-6
2022-10-13 18:11:52 status half-configured libtsan0:amd64 8.3.0-6
2022-10-13 18:11:52 status installed libtsan0:amd64 8.3.0-6
2022-10-13 18:11:52 configure pinentry-curses:amd64 1.1.0-2 <none>
2022-10-13 18:11:52 status unpacked pinentry-curses:amd64 1.1.0-2
2022-10-13 18:11:52 status half-configured pinentry-curses:amd64 1.1.0-2
2022-10-13 18:11:52 status installed pinentry-curses:amd64 1.1.0-2
2022-10-13 18:11:52 configure gpg-agent:amd64 2.2.12-1+deb10u2 <none>
2022-10-13 18:11:52 status unpacked gpg-agent:amd64 2.2.12-1+deb10u2
2022-10-13 18:11:52 status half-configured gpg-agent:amd64 2.2.12-1+deb10u2
2022-10-13 18:11:52 status installed gpg-agent:amd64 2.2.12-1+deb10u2
2022-10-13 18:11:52 configure geoip-bin:amd64 1.6.12-1 <none>
2022-10-13 18:11:52 status unpacked geoip-bin:amd64 1.6.12-1
2022-10-13 18:11:52 status half-configured geoip-bin:amd64 1.6.12-1
2022-10-13 18:11:52 status installed geoip-bin:amd64 1.6.12-1
2022-10-13 18:11:52 configure gpgsm:amd64 2.2.12-1+deb10u2 <none>
2022-10-13 18:11:52 status unpacked gpgsm:amd64 2.2.12-1+deb10u2
2022-10-13 18:11:52 status half-configured gpgsm:amd64 2.2.12-1+deb10u2
2022-10-13 18:11:52 status installed gpgsm:amd64 2.2.12-1+deb10u2
2022-10-13 18:11:52 configure libldap-2.4-2:amd64 2.4.47+dfsg-3+deb10u7 <none>
2022-10-13 18:11:52 status unpacked libldap-2.4-2:amd64 2.4.47+dfsg-3+deb10u7
2022-10-13 18:11:52 status half-configured libldap-2.4-2:amd64 2.4.47+dfsg-3+deb10u7
2022-10-13 18:11:52 status installed libldap-2.4-2:amd64 2.4.47+dfsg-3+deb10u7
2022-10-13 18:11:52 configure binutils:amd64 2.31.1-16 <none>
2022-10-13 18:11:52 status unpacked binutils:amd64 2.31.1-16
2022-10-13 18:11:52 status half-configured binutils:amd64 2.31.1-16
2022-10-13 18:11:52 status installed binutils:amd64 2.31.1-16
2022-10-13 18:11:52 configure dirmngr:amd64 2.2.12-1+deb10u2 <none>
2022-10-13 18:11:52 status unpacked dirmngr:amd64 2.2.12-1+deb10u2
2022-10-13 18:11:52 status half-configured dirmngr:amd64 2.2.12-1+deb10u2
2022-10-13 18:11:52 status installed dirmngr:amd64 2.2.12-1+deb10u2
2022-10-13 18:11:52 configure perl:amd64 5.28.1-6+deb10u1 <none>
2022-10-13 18:11:52 status unpacked perl:amd64 5.28.1-6+deb10u1
2022-10-13 18:11:52 status half-configured perl:amd64 5.28.1-6+deb10u1
2022-10-13 18:11:52 status installed perl:amd64 5.28.1-6+deb10u1
2022-10-13 18:11:52 configure libdpkg-perl:all 1.19.8 <none>
2022-10-13 18:11:52 status unpacked libdpkg-perl:all 1.19.8
2022-10-13 18:11:52 status half-configured libdpkg-perl:all 1.19.8
2022-10-13 18:11:52 status installed libdpkg-perl:all 1.19.8
2022-10-13 18:11:52 configure libgcc-8-dev:amd64 8.3.0-6 <none>
2022-10-13 18:11:52 status unpacked libgcc-8-dev:amd64 8.3.0-6
2022-10-13 18:11:52 status half-configured libgcc-8-dev:amd64 8.3.0-6
2022-10-13 18:11:52 status installed libgcc-8-dev:amd64 8.3.0-6
2022-10-13 18:11:52 configure gpg-wks-server:amd64 2.2.12-1+deb10u2 <none>
2022-10-13 18:11:52 status unpacked gpg-wks-server:amd64 2.2.12-1+deb10u2
2022-10-13 18:11:52 status half-configured gpg-wks-server:amd64 2.2.12-1+deb10u2
2022-10-13 18:11:52 status installed gpg-wks-server:amd64 2.2.12-1+deb10u2
2022-10-13 18:11:52 configure cpp:amd64 4:8.3.0-1 <none>
2022-10-13 18:11:52 status unpacked cpp:amd64 4:8.3.0-1
2022-10-13 18:11:52 status half-configured cpp:amd64 4:8.3.0-1
2022-10-13 18:11:53 status installed cpp:amd64 4:8.3.0-1
2022-10-13 18:11:53 configure libstdc++-8-dev:amd64 8.3.0-6 <none>
2022-10-13 18:11:53 status unpacked libstdc++-8-dev:amd64 8.3.0-6
2022-10-13 18:11:53 status half-configured libstdc++-8-dev:amd64 8.3.0-6
2022-10-13 18:11:53 status installed libstdc++-8-dev:amd64 8.3.0-6
2022-10-13 18:11:53 configure libgeoip-dev:amd64 1.6.12-1 <none>
2022-10-13 18:11:53 status unpacked libgeoip-dev:amd64 1.6.12-1
2022-10-13 18:11:53 status half-configured libgeoip-dev:amd64 1.6.12-1
2022-10-13 18:11:53 status installed libgeoip-dev:amd64 1.6.12-1
2022-10-13 18:11:53 configure gcc-8:amd64 8.3.0-6 <none>
2022-10-13 18:11:53 status unpacked gcc-8:amd64 8.3.0-6
2022-10-13 18:11:53 status half-configured gcc-8:amd64 8.3.0-6
2022-10-13 18:11:53 status installed gcc-8:amd64 8.3.0-6
2022-10-13 18:11:53 configure gpg-wks-client:amd64 2.2.12-1+deb10u2 <none>
2022-10-13 18:11:53 status unpacked gpg-wks-client:amd64 2.2.12-1+deb10u2
2022-10-13 18:11:53 status half-configured gpg-wks-client:amd64 2.2.12-1+deb10u2
2022-10-13 18:11:53 status installed gpg-wks-client:amd64 2.2.12-1+deb10u2
2022-10-13 18:11:53 configure libfile-fcntllock-perl:amd64 0.22-3+b5 <none>
2022-10-13 18:11:53 status unpacked libfile-fcntllock-perl:amd64 0.22-3+b5
2022-10-13 18:11:53 status half-configured libfile-fcntllock-perl:amd64 0.22-3+b5
2022-10-13 18:11:53 status installed libfile-fcntllock-perl:amd64 0.22-3+b5
2022-10-13 18:11:53 configure libalgorithm-diff-perl:all 1.19.03-2 <none>
2022-10-13 18:11:53 status unpacked libalgorithm-diff-perl:all 1.19.03-2
2022-10-13 18:11:53 status half-configured libalgorithm-diff-perl:all 1.19.03-2
2022-10-13 18:11:53 status installed libalgorithm-diff-perl:all 1.19.03-2
2022-10-13 18:11:53 configure gcc:amd64 4:8.3.0-1 <none>
2022-10-13 18:11:53 status unpacked gcc:amd64 4:8.3.0-1
2022-10-13 18:11:53 status half-configured gcc:amd64 4:8.3.0-1
2022-10-13 18:11:53 status installed gcc:amd64 4:8.3.0-1
2022-10-13 18:11:53 configure dpkg-dev:all 1.19.8 <none>
2022-10-13 18:11:53 status unpacked dpkg-dev:all 1.19.8
2022-10-13 18:11:53 status half-configured dpkg-dev:all 1.19.8
2022-10-13 18:11:53 status installed dpkg-dev:all 1.19.8
2022-10-13 18:11:53 configure g++-8:amd64 8.3.0-6 <none>
2022-10-13 18:11:53 status unpacked g++-8:amd64 8.3.0-6
2022-10-13 18:11:53 status half-configured g++-8:amd64 8.3.0-6
2022-10-13 18:11:53 status installed g++-8:amd64 8.3.0-6
2022-10-13 18:11:53 configure gnupg:all 2.2.12-1+deb10u2 <none>
2022-10-13 18:11:53 status unpacked gnupg:all 2.2.12-1+deb10u2
2022-10-13 18:11:53 status half-configured gnupg:all 2.2.12-1+deb10u2
2022-10-13 18:11:53 status installed gnupg:all 2.2.12-1+deb10u2
2022-10-13 18:11:53 configure libalgorithm-diff-xs-perl:amd64 0.04-5+b1 <none>
2022-10-13 18:11:53 status unpacked libalgorithm-diff-xs-perl:amd64 0.04-5+b1
2022-10-13 18:11:53 status half-configured libalgorithm-diff-xs-perl:amd64 0.04-5+b1
2022-10-13 18:11:53 status installed libalgorithm-diff-xs-perl:amd64 0.04-5+b1
2022-10-13 18:11:53 configure libalgorithm-merge-perl:all 0.08-3 <none>
2022-10-13 18:11:53 status unpacked libalgorithm-merge-perl:all 0.08-3
2022-10-13 18:11:53 status half-configured libalgorithm-merge-perl:all 0.08-3
2022-10-13 18:11:53 status installed libalgorithm-merge-perl:all 0.08-3
2022-10-13 18:11:53 configure g++:amd64 4:8.3.0-1 <none>
2022-10-13 18:11:53 status unpacked g++:amd64 4:8.3.0-1
2022-10-13 18:11:53 status half-configured g++:amd64 4:8.3.0-1
2022-10-13 18:11:53 status installed g++:amd64 4:8.3.0-1
2022-10-13 18:11:53 configure build-essential:amd64 12.6 <none>
2022-10-13 18:11:53 status unpacked build-essential:amd64 12.6
2022-10-13 18:11:53 status half-configured build-essential:amd64 12.6
2022-10-13 18:11:53 status installed build-essential:amd64 12.6
2022-10-13 18:11:53 trigproc libc-bin:amd64 2.28-10 <none>
2022-10-13 18:11:53 status half-configured libc-bin:amd64 2.28-10
2022-10-13 18:11:53 status installed libc-bin:amd64 2.28-10
